c:\users\gabriel\documents\trampo\projetolocadora\projetolocadora\debug\vc141.pdb
c:\users\gabriel\documents\trampo\projetolocadora\projetolocadora\debug\mainform.obj
c:\users\gabriel\documents\trampo\projetolocadora\projetolocadora\debug\listarclientes.obj
c:\users\gabriel\documents\trampo\projetolocadora\projetolocadora\debug\listarcliente.obj
c:\users\gabriel\documents\trampo\projetolocadora\projetolocadora\debug\filmes.obj
c:\users\gabriel\documents\trampo\projetolocadora\projetolocadora\debug\createform.obj
c:\users\gabriel\documents\trampo\projetolocadora\projetolocadora\debug\clientes.obj
c:\users\gabriel\documents\trampo\projetolocadora\projetolocadora\debug\aluguel.obj
c:\users\gabriel\documents\trampo\projetolocadora\projetolocadora\debug\.netframework,version=v4.6.1.assemblyattributes.obj
c:\users\gabriel\documents\trampo\projetolocadora\projetolocadora\debug\.netframework,version=v4.6.1.assemblyattributes.asm
c:\users\gabriel\documents\trampo\projetolocadora\debug\projetolocadora.exe
c:\users\gabriel\documents\trampo\projetolocadora\debug\projetolocadora.pdb
c:\users\gabriel\documents\trampo\projetolocadora\projetolocadora\debug\projetolocadora.tlog\metagen.write.1.tlog
c:\users\gabriel\documents\trampo\projetolocadora\debug\mysql.data.dll
c:\users\gabriel\documents\trampo\projetolocadora\debug\google.protobuf.dll
c:\users\gabriel\documents\trampo\projetolocadora\debug\bouncycastle.crypto.dll
c:\users\gabriel\documents\trampo\projetolocadora\debug\renci.sshnet.dll
c:\users\gabriel\documents\trampo\projetolocadora\debug\mysql.data.xml
c:\users\gabriel\documents\trampo\projetolocadora\projetolocadora\debug\projetolocadora.aluguel.resources
c:\users\gabriel\documents\trampo\projetolocadora\projetolocadora\debug\projetolocadora.clientes.resources
c:\users\gabriel\documents\trampo\projetolocadora\projetolocadora\debug\projetolocadora.createform.resources
c:\users\gabriel\documents\trampo\projetolocadora\projetolocadora\debug\projetolocadora.filmes.resources
c:\users\gabriel\documents\trampo\projetolocadora\projetolocadora\debug\projetolocadora.listarclientes.resources
c:\users\gabriel\documents\trampo\projetolocadora\projetolocadora\debug\projetolocadora.mainform.resources
c:\users\gabriel\documents\trampo\projetolocadora\projetolocadora\debug\projetolocadora.vcxproj.generateresource.cache
c:\users\gabriel\documents\trampo\projetolocadora\projetolocadora\debug\projetolocadora.vcxprojassemblyreference.cache
c:\users\gabriel\documents\trampo\projetolocadora\projetolocadora\debug\projetolocadora.tlog\cl.command.1.tlog
c:\users\gabriel\documents\trampo\projetolocadora\projetolocadora\debug\projetolocadora.tlog\cl.read.1.tlog
c:\users\gabriel\documents\trampo\projetolocadora\projetolocadora\debug\projetolocadora.tlog\cl.write.1.tlog
c:\users\gabriel\documents\trampo\projetolocadora\projetolocadora\debug\projetolocadora.tlog\link.command.1.tlog
c:\users\gabriel\documents\trampo\projetolocadora\projetolocadora\debug\projetolocadora.tlog\link.read.1.tlog
c:\users\gabriel\documents\trampo\projetolocadora\projetolocadora\debug\projetolocadora.tlog\link.write.1.tlog
c:\users\gabriel\documents\trampo\projetolocadora\projetolocadora\debug\projetolocadora.tlog\metagen.read.1.tlog
c:\users\gabriel\documents\trampo\projetolocadora\projetolocadora\debug\projetolocadora.tlog\projetolocadora.write.1u.tlog
c:\users\gabriel\documents\trampo\projetolocadora\projetolocadora\debug\projetolocadora.tlog\mysql.data.dll.metagen
